230615 17:28:53 mysqld_safe Starting mariadbd daemon with databases from /config/databases
2023-06-15 17:28:53 0 [Note] Starting MariaDB 10.11.4-MariaDB-log source revision 4e2b93dffef2414a11ca5edc8d215f57ee5010e5 as process 394
2023-06-15 17:28:53 0 [Note] Using unique option prefix 'myisam_recover' is error-prone and can break in the future. Please use the full name 'myisam-recover-options' instead.
2023-06-15 17:28:53 0 [Note] InnoDB: Compressed tables use zlib 1.2.13
2023-06-15 17:28:53 0 [Note] InnoDB: Number of transaction pools: 1
2023-06-15 17:28:53 0 [Note] InnoDB: Using crc32 + pclmulqdq instructions
2023-06-15 17:28:53 0 [Note] mariadbd: O_TMPFILE is not supported on /tmp (disabling future attempts)
2023-06-15 17:28:53 0 [Note] InnoDB: Using Linux native AIO
2023-06-15 17:28:53 0 [Note] InnoDB: Initializing buffer pool, total size = 256.000MiB, chunk size = 4.000MiB
2023-06-15 17:28:53 0 [Note] InnoDB: Completed initialization of buffer pool
2023-06-15 17:28:53 0 [Note] InnoDB: File system buffers for log disabled (block size=512 bytes)
2023-06-15 17:28:53 0 [Note] InnoDB: 128 rollback segments are active.
2023-06-15 17:28:53 0 [Note] InnoDB: Setting file './ibtmp1' size to 12.000MiB. Physically writing the file full; Please wait ...
2023-06-15 17:28:53 0 [Note] InnoDB: File './ibtmp1' size is now 12.000MiB.
2023-06-15 17:28:53 0 [Note] InnoDB: log sequence number 46574; transaction id 14
2023-06-15 17:28:53 0 [Note] InnoDB: Loading buffer pool(s) from /config/databases/ib_buffer_pool
2023-06-15 17:28:53 0 [Note] Plugin 'FEEDBACK' is disabled.
2023-06-15 17:28:53 0 [Note] InnoDB: Buffer pool(s) load completed at 230615 17:28:53
2023-06-15 17:28:53 0 [Note] Server socket created on IP: '0.0.0.0'.
2023-06-15 17:28:53 0 [Note] Server socket created on IP: '::'.
2023-06-15 17:28:53 0 [Note] /usr/bin/mariadbd: ready for connections.
Version: '10.11.4-MariaDB-log'  socket: '/var/run/mysqld/mysqld.sock'  port: 3306  Alpine Linux
2023-06-15 17:28:54 4 [Warning] Aborted connection 4 to db: 'unconnected' user: 'unauthenticated' host: 'localhost' (This connection closed normally without authentication)
